2022-05-30 21:00:23:DANIAL:USE aa;
2022-05-30 21:00:31:DANIAL:USE AA;
2022-05-30 21:02:36:DANIAL:USE;
2022-05-31 01:11:59:DANIAL:DROP TABLE table1;;
2022-05-31 01:11:59:DANIAL:CREATE TABLE table1 (kolom1 string, kolom2 int, kolom3 string, kolom4 int);;
2022-05-31 01:12:37:DANIAL:USE TEST;
2022-05-31 01:13:34:DANIAL:USE TEST;
2022-05-31 01:14:00:DANIAL:USE TEST;
2022-05-31 01:14:09:DANIAL:CREATE DATABASE TEST;
2022-05-31 01:14:09:DANIAL:USE TEST;
2022-05-31 01:14:09:DANIAL:DROP TABLE table1;;
2022-05-31 01:14:09:DANIAL:CREATE TABLE table1 (kolom1 string, kolom2 int, kolom3 string, kolom4 int);;
2022-05-31 01:14:09:DANIAL:INSERT INTO table1 (‘abc’, 1, ‘bcd’, 2);;
2022-05-31 01:14:09:DANIAL:INSERT INTO table1 (‘abc’, 1, ‘bcd’, 2);;
2022-05-31 01:14:09:DANIAL:INSERT INTO table1 (‘abc’, 1, ‘bcd’, 2);;
2022-05-31 01:14:09:DANIAL:INSERT INTO table1 (‘abc’, 1, ‘bcd’, 2);;
2022-05-31 01:14:09:DANIAL:DROP TABLE table2;;
2022-05-31 01:14:09:DANIAL:CREATE TABLE table2 (kolom1 string, kolom2 int, kolom3 string, kolom4 int);;
2022-05-31 01:14:09:DANIAL:INSERT INTO table2 (‘abc’, 1, ‘bcd’, 2);;
2022-05-31 01:14:09:DANIAL:INSERT INTO table2 (‘abc’, 1, ‘bcd’, 2);;
2022-05-31 01:14:09:DANIAL:INSERT INTO table2 (‘abc’, 1, ‘bcd’, 2);;
2022-05-31 01:14:09:DANIAL:INSERT INTO table2 (‘abc’, 1, ‘bcd’, 2);;
2022-05-31 01:15:02:DANIAL:INSERT INTO table1 (‘abc’, 1, ‘bcd’, 2);;
2022-05-31 01:15:10:DANIAL:CREATE DATABASE TEST;
2022-05-31 01:15:18:DANIAL:USE TEST;
2022-05-31 01:15:24:DANIAL:CREATE TABLE table1 (kolom1 string, kolom2 int, kolom3 string, kolom4 int);;
2022-05-31 01:15:32:DANIAL:INSERT INTO table1 (‘abc’, 1, ‘bcd’, 2);;
2022-05-31 01:15:44:DANIAL:CREATE DATABASE TEST;
2022-05-31 01:15:44:DANIAL:USE TEST;
2022-05-31 01:15:44:DANIAL:DROP TABLE table1;;
2022-05-31 01:15:44:DANIAL:CREATE TABLE table1 (kolom1 string, kolom2 int, kolom3 string, kolom4 int);;
2022-05-31 01:15:44:DANIAL:INSERT INTO table1 (‘abc’, 1, ‘bcd’, 2);;
2022-05-31 01:15:44:DANIAL:INSERT INTO table1 (‘abc’, 1, ‘bcd’, 2);;
2022-05-31 01:15:44:DANIAL:INSERT INTO table1 (‘abc’, 1, ‘bcd’, 2);;
2022-05-31 01:15:44:DANIAL:INSERT INTO table1 (‘abc’, 1, ‘bcd’, 2);;
2022-05-31 01:15:44:DANIAL:DROP TABLE table2;;
2022-05-31 01:15:44:DANIAL:CREATE TABLE table2 (kolom1 string, kolom2 int, kolom3 string, kolom4 int);;
2022-05-31 01:15:44:DANIAL:INSERT INTO table2 (‘abc’, 1, ‘bcd’, 2);;
2022-05-31 01:15:44:DANIAL:INSERT INTO table2 (‘abc’, 1, ‘bcd’, 2);;
2022-05-31 01:15:44:DANIAL:INSERT INTO table2 (‘abc’, 1, ‘bcd’, 2);;
2022-05-31 01:15:49:DANIAL:INSERT INTO table2 (‘abc’, 1, ‘bcd’, 2);;
2022-05-31 01:24:14:DANIAL:USE TEST;
2022-05-31 01:24:51:DANIAL:SELECT * FROM table1;
2022-05-31 01:25:18:DANIAL:DELETE FROM table1;;
2022-05-31 01:26:13:DANIAL:DELETE FROM table1;;
2022-05-31 01:26:16:DANIAL:USE TEST;
2022-05-31 01:26:18:DANIAL:DELETE FROM table1;;
2022-05-31 01:26:27:DANIAL:USE TEST;
2022-05-31 01:27:07:DANIAL:DELETE FROM table1 WHERE kolom1=`abc`;
2022-05-31 01:27:14:DANIAL:DELETE FROM table1;;
2022-05-31 01:27:24:DANIAL:USE TEST;
2022-05-31 01:27:35:DANIAL:SELECT * FROM table1;
2022-05-31 01:28:12:DANIAL:USE TEST;
2022-05-31 01:28:13:DANIAL:DELETE FROM table1 WHERE kolom1=`abc`;
2022-05-31 01:30:07:DANIAL:SELECT FROM * table;
2022-05-31 01:30:18:DANIAL:USE TEST;
2022-05-31 01:30:32:DANIAL:SELECT * FROM table1;
2022-05-31 01:30:50:DANIAL:USE TEST;
2022-05-31 01:30:55:DANIAL:DELETE FROM table1 WHERE kolom1=`abc`;
2022-05-31 01:31:16:DANIAL:DELETE FROM table1;
2022-05-31 01:31:44:DANIAL:SELECT * FROM table1;
2022-05-31 03:05:40:DANIAL:USE TEST;
2022-05-31 03:05:56:DANIAL:SELECT * FROM tabel1;
2022-05-31 03:06:33:DANIAL:SELECT * FROM TEST;
2022-05-31 03:07:25:DANIAL:CREATE DATABASE TEST;
2022-05-31 03:07:25:DANIAL:USE TEST;
2022-05-31 03:07:25:DANIAL:DROP TABLE table1;;
2022-05-31 03:07:25:DANIAL:CREATE TABLE table1 (kolom1 string, kolom2 int, kolom3 string, kolom4 int);;
2022-05-31 03:07:25:DANIAL:INSERT INTO table1 (‘abc’, 1, ‘bcd’, 2);;
2022-05-31 03:07:25:DANIAL:INSERT INTO table1 (‘abc’, 1, ‘bcd’, 2);;
2022-05-31 03:07:25:DANIAL:INSERT INTO table1 (‘abc’, 1, ‘bcd’, 2);;
2022-05-31 03:07:25:DANIAL:INSERT INTO table1 (‘abc’, 1, ‘bcd’, 2);;
2022-05-31 03:07:25:DANIAL:DROP TABLE table2;;
2022-05-31 03:07:25:DANIAL:CREATE TABLE table2 (kolom1 string, kolom2 int, kolom3 string, kolom4 int);;
2022-05-31 03:07:25:DANIAL:INSERT INTO table2 (‘abc’, 1, ‘bcd’, 2);;
2022-05-31 03:07:25:DANIAL:INSERT INTO table2 (‘abc’, 1, ‘bcd’, 2);;
2022-05-31 03:07:25:DANIAL:INSERT INTO table2 (‘abc’, 1, ‘bcd’, 2);;
2022-05-31 03:07:32:DANIAL:INSERT INTO table2 (‘abc’, 1, ‘bcd’, 2);SELECT * FROM TEST;
2022-05-31 03:07:50:DANIAL:USE TEST;
2022-05-31 03:07:56:DANIAL:SELECT * FROM TEST;
2022-05-31 03:08:21:DANIAL:USE TEST;
2022-05-31 03:08:27:DANIAL:SELECT * FROM table1;
2022-05-31 03:09:27:DANIAL:UPDATE table1 SET kolom1='halo';
2022-05-31 03:09:37:DANIAL:SELECT * FROM table1;
